<?xml version="1.0" encoding="UTF-8"?>
<testsuite name="com.board.BoardRestApplicationTests" tests="1" skipped="0" failures="0" errors="0" timestamp="2026-05-26T01:16:22" hostname="DESKTOP-U0T1T50" time="0.514">
  <properties/>
  <testcase name="contextLoads()" classname="com.board.BoardRestApplicationTests" time="0.514"/>
  <system-out><![CDATA[10:16:08.573 [Test worker] INFO org.springframework.test.context.support.AnnotationConfigContextLoaderUtils -- Could not detect default configuration classes for test class [com.board.BoardRestApplicationTests]: BoardRestApplicationTests does not declare any static, non-private, non-final, nested classes annotated with @Configuration.
10:16:08.692 [Test worker] INFO org.springframework.boot.test.context.SpringBootTestContextBootstrapper -- Found @SpringBootConfiguration com.board.BoardRestApplication for test class com.board.BoardRestApplicationTests

  .   ____          _            __ _ _
 /\\ / ___'_ __ _ _(_)_ __  __ _ \ \ \ \
( ( )\___ | '_ | '_| | '_ \/ _` | \ \ \ \
 \\/  ___)| |_)| | | | | || (_| |  ) ) ) )
  '  |____| .__|_| |_|_| |_\__, | / / / /
 =========|_|==============|___/=/_/_/_/
 :: Spring Boot ::                (v3.1.1)

2026-05-26T10:16:09.149+09:00  INFO 13068 --- [    Test worker] com.board.BoardRestApplicationTests      : Starting BoardRestApplicationTests using Java 17.0.6 with PID 13068 (started by master in C:\workspace-spring-tool-suite-4-4.15.3.RELEASE\BoardRest)
2026-05-26T10:16:09.151+09:00  INFO 13068 --- [    Test worker] com.board.BoardRestApplicationTests      : No active profile set, falling back to 1 default profile: "default"
2026-05-26T10:16:10.047+09:00  INFO 13068 --- [    Test worker] .s.d.r.c.RepositoryConfigurationDelegate : Bootstrapping Spring Data JPA repositories in DEFAULT mode.
2026-05-26T10:16:10.138+09:00  INFO 13068 --- [    Test worker] .s.d.r.c.RepositoryConfigurationDelegate : Finished Spring Data repository scanning in 80 ms. Found 7 JPA repository interfaces.
2026-05-26T10:16:10.698+09:00  INFO 13068 --- [    Test worker] com.zaxxer.hikari.HikariDataSource       : HikariPool-1 - Starting...
2026-05-26T10:16:10.706+09:00  WARN 13068 --- [    Test worker] c.zaxxer.hikari.util.DriverDataSource    : Registered driver with driverClassName=oracle.jdbc.driver.OracleDriver was not found, trying direct instantiation.
2026-05-26T10:16:11.439+09:00  INFO 13068 --- [    Test worker] com.zaxxer.hikari.pool.HikariPool        : HikariPool-1 - Added connection oracle.jdbc.driver.T4CConnection@2a99ca99
2026-05-26T10:16:11.442+09:00  INFO 13068 --- [    Test worker] com.zaxxer.hikari.HikariDataSource       : HikariPool-1 - Start completed.
2026-05-26T10:16:11.542+09:00  INFO 13068 --- [    Test worker] o.hibernate.jpa.internal.util.LogHelper  : HHH000204: Processing PersistenceUnitInfo [name: default]
2026-05-26T10:16:11.617+09:00  INFO 13068 --- [    Test worker] org.hibernate.Version                    : HHH000412: Hibernate ORM core version 6.2.5.Final
2026-05-26T10:16:11.620+09:00  INFO 13068 --- [    Test worker] org.hibernate.cfg.Environment            : HHH000406: Using bytecode reflection optimizer
2026-05-26T10:16:11.843+09:00  INFO 13068 --- [    Test worker] o.h.b.i.BytecodeProviderInitiator        : HHH000021: Bytecode provider name : bytebuddy
2026-05-26T10:16:12.013+09:00  INFO 13068 --- [    Test worker] o.s.o.j.p.SpringPersistenceUnitInfo      : No LoadTimeWeaver setup: ignoring JPA class transformer
2026-05-26T10:16:12.060+09:00  WARN 13068 --- [    Test worker] org.hibernate.orm.deprecation            : HHH90000026: Oracle12cDialect has been deprecated; use org.hibernate.dialect.OracleDialect instead
2026-05-26T10:16:12.401+09:00  INFO 13068 --- [    Test worker] o.h.b.i.BytecodeProviderInitiator        : HHH000021: Bytecode provider name : bytebuddy
2026-05-26T10:16:13.191+09:00  INFO 13068 --- [    Test worker] o.h.e.t.j.p.i.JtaPlatformInitiator       : HHH000490: Using JtaPlatform implementation: [org.hibernate.engine.transaction.jta.platform.internal.NoJtaPlatform]
2026-05-26T10:16:20.289+09:00  INFO 13068 --- [    Test worker] j.LocalContainerEntityManagerFactoryBean : Initialized JPA EntityManagerFactory for persistence unit 'default'
2026-05-26T10:16:20.583+09:00  INFO 13068 --- [    Test worker] o.s.d.j.r.query.QueryEnhancerFactory     : Hibernate is in classpath; If applicable, HQL parser will be used.
2026-05-26T10:16:21.713+09:00  WARN 13068 --- [    Test worker] JpaBaseConfiguration$JpaWebConfiguration : spring.jpa.open-in-view is enabled by default. Therefore, database queries may be performed during view rendering. Explicitly configure spring.jpa.open-in-view to disable this warning
2026-05-26T10:16:22.009+09:00  INFO 13068 --- [    Test worker] com.board.WebSecurityConfig              : =============== 스프링 시큐리티 필터 체인 설정 완료 ===============
2026-05-26T10:16:22.061+09:00  INFO 13068 --- [    Test worker] o.s.s.web.DefaultSecurityFilterChain     : Will secure any request with [org.springframework.security.web.session.DisableEncodeUrlFilter@1936513a, org.springframework.security.web.context.request.async.WebAsyncManagerIntegrationFilter@23cf86c0, org.springframework.security.web.context.SecurityContextHolderFilter@eecf56b, org.springframework.security.web.header.HeaderWriterFilter@14df8bee, org.springframework.web.filter.CorsFilter@4ab6a17d, org.springframework.security.web.authentication.logout.LogoutFilter@1b7708d9, org.springframework.security.oauth2.client.web.OAuth2AuthorizationRequestRedirectFilter@35d9d10b, org.springframework.security.oauth2.client.web.OAuth2LoginAuthenticationFilter@7006b304, com.board.JwtAuthFilter@674de53e, org.springframework.security.web.savedrequest.RequestCacheAwareFilter@317e9cf5, org.springframework.security.web.servletapi.SecurityContextHolderAwareRequestFilter@37bdd4b1, org.springframework.security.web.authentication.AnonymousAuthenticationFilter@4c59c76c, org.springframework.security.web.session.SessionManagementFilter@25607b86, org.springframework.security.web.access.ExceptionTranslationFilter@2fce55d6, org.springframework.security.web.access.intercept.AuthorizationFilter@7439cf4b]
2026-05-26T10:16:22.383+09:00  INFO 13068 --- [    Test worker] com.board.BoardRestApplicationTests      : Started BoardRestApplicationTests in 13.499 seconds (process running for 15.025)
]]></system-out>
  <system-err><![CDATA[]]></system-err>
</testsuite>
